<?xml version="1.0" encoding="UTF-8"?>
<!-- Generated by org.testng.reporters.JUnitReportReporter -->
<testsuite skipped="0" hostname="DESKTOP-16AJ7JT" name="com.testcases.OrangeHrmLoginTestCase" tests="1" failures="0" timestamp="16 Sep 2020 06:58:26 GMT" time="3.868" errors="0">
  <testcase name="Login" time="3.868" classname="com.testcases.OrangeHrmLoginTestCase"/>
</testsuite> <!-- com.testcases.OrangeHrmLoginTestCase -->
